
-- PRE TEST --

Time: Tue Oct 20 00:00:02 UTC 2015
Branch: master
User: ubuntu
PATH: /usr/bin:/bin:/home/ubuntu/npm/bin

Cloning into '/home/ubuntu/fifthweek-web-tests-master/fifthweek-web'...
npm WARN package.json web@0.0.0 No repository field.
npm ERR! Linux 3.19.3-031903-generic
npm ERR! argv "node" "/home/ubuntu/npm/bin/npm" "install"
npm ERR! node v0.10.38
npm ERR! npm  v2.7.5
npm ERR! code ENOMEM
npm ERR! errno ENOMEM
npm ERR! syscall spawn

npm ERR! spawn ENOMEM
npm ERR! 
npm ERR! If you need help, you may report this error at:
npm ERR!     <https://github.com/npm/npm/issues>
npm WARN optional dep failed, continuing fsevents@1.0.2

> phantomjs@1.9.18 install /home/ubuntu/fifthweek-web-tests-master/fifthweek-web/node_modules/karma-phantomjs-launcher/node_modules/phantomjs
> node install.js

Download already available at /tmp/phantomjs/phantomjs-1.9.8-linux-x86_64.tar.bz2
Extracting tar contents (via spawned process)
Removing /home/ubuntu/fifthweek-web-tests-master/fifthweek-web/node_modules/karma-phantomjs-launcher/node_modules/phantomjs/lib/phantom
Copying extracted folder /tmp/phantomjs/phantomjs-1.9.8-linux-x86_64.tar.bz2-extract-1445343721549/phantomjs-1.9.8-linux-x86_64 -> /home/ubuntu/fifthweek-web-tests-master/fifthweek-web/node_modules/karma-phantomjs-launcher/node_modules/phantomjs/lib/phantom
Writing location.js file
Done. Phantomjs binary available at /home/ubuntu/fifthweek-web-tests-master/fifthweek-web/node_modules/karma-phantomjs-launcher/node_modules/phantomjs/lib/phantom/bin/phantomjs

> spawn-sync@1.0.13 postinstall /home/ubuntu/fifthweek-web-tests-master/fifthweek-web/node_modules/grunt-sass/node_modules/node-sass/node_modules/cross-spawn/node_modules/spawn-sync
> node postinstall

Installing native dependencies (this may take up to a minute)
npm WARN engine selenium-webdriver@2.47.0: wanted: {"node":">= 0.12.x"} (current: {"node":"0.10.38","npm":"2.7.5"})
npm WARN engine cryptiles@2.0.5: wanted: {"node":">=0.10.40"} (current: {"node":"0.10.38","npm":"2.7.5"})
npm WARN engine boom@2.9.0: wanted: {"node":">=0.10.40"} (current: {"node":"0.10.38","npm":"2.7.5"})
npm WARN engine hoek@2.16.3: wanted: {"node":">=0.10.40"} (current: {"node":"0.10.38","npm":"2.7.5"})
npm WARN engine hoek@2.16.3: wanted: {"node":">=0.10.40"} (current: {"node":"0.10.38","npm":"2.7.5"})
npm WARN engine cryptiles@2.0.5: wanted: {"node":">=0.10.40"} (current: {"node":"0.10.38","npm":"2.7.5"})
npm WARN engine boom@2.9.0: wanted: {"node":">=0.10.40"} (current: {"node":"0.10.38","npm":"2.7.5"})

> pty.js@0.2.13 install /home/ubuntu/fifthweek-web-tests-master/fifthweek-web/node_modules/grunt-browserstack-tunnel/node_modules/browserstacktunnel-wrapper/node_modules/child-daemon/node_modules/pty.js
> node-gyp rebuild

make: Entering directory `/home/ubuntu/fifthweek-web-tests-master/fifthweek-web/node_modules/grunt-browserstack-tunnel/node_modules/browserstacktunnel-wrapper/node_modules/child-daemon/node_modules/pty.js/build'
  CXX(target) Release/obj.target/pty/src/unix/pty.o
../src/unix/pty.cc: In function ‘v8::Handle<v8::Value> PtyFork(const v8::Arguments&)’:
../src/unix/pty.cc:227:34: warning: ignoring return value of ‘int chdir(const char*)’, declared with attribute warn_unused_result [-Wunused-result]
       if (strlen(cwd)) chdir(cwd);
                                  ^
  SOLINK_MODULE(target) Release/obj.target/pty.node
  SOLINK_MODULE(target) Release/obj.target/pty.node: Finished
  COPY Release/pty.node
make: Leaving directory `/home/ubuntu/fifthweek-web-tests-master/fifthweek-web/node_modules/grunt-browserstack-tunnel/node_modules/browserstacktunnel-wrapper/node_modules/child-daemon/node_modules/pty.js/build'

> ws@0.4.32 install /home/ubuntu/fifthweek-web-tests-master/fifthweek-web/node_modules/karma/node_modules/socket.io/node_modules/socket.io-client/node_modules/ws
> (node-gyp rebuild 2> builderror.log) || (exit 0)

make: Entering directory `/home/ubuntu/fifthweek-web-tests-master/fifthweek-web/node_modules/karma/node_modules/socket.io/node_modules/socket.io-client/node_modules/ws/build'
  CXX(target) Release/obj.target/bufferutil/src/bufferutil.o
  SOLINK_MODULE(target) Release/obj.target/bufferutil.node
  SOLINK_MODULE(target) Release/obj.target/bufferutil.node: Finished
  COPY Release/bufferutil.node
  CXX(target) Release/obj.target/validation/src/validation.o
  SOLINK_MODULE(target) Release/obj.target/validation.node
  SOLINK_MODULE(target) Release/obj.target/validation.node: Finished
  COPY Release/validation.node
make: Leaving directory `/home/ubuntu/fifthweek-web-tests-master/fifthweek-web/node_modules/karma/node_modules/socket.io/node_modules/socket.io-client/node_modules/ws/build'

> node-sass@3.3.3 install /home/ubuntu/fifthweek-web-tests-master/fifthweek-web/node_modules/grunt-sass/node_modules/node-sass
> node scripts/install.js

Binary downloaded and installed at /home/ubuntu/fifthweek-web-tests-master/fifthweek-web/node_modules/grunt-sass/node_modules/node-sass/vendor/linux-x64-11/binding.node

> bufferutil@1.2.1 install /home/ubuntu/fifthweek-web-tests-master/fifthweek-web/node_modules/protractor/node_modules/selenium-webdriver/node_modules/ws/node_modules/bufferutil
> node-gyp rebuild

make: Entering directory `/home/ubuntu/fifthweek-web-tests-master/fifthweek-web/node_modules/protractor/node_modules/selenium-webdriver/node_modules/ws/node_modules/bufferutil/build'
  CXX(target) Release/obj.target/bufferutil/src/bufferutil.o
  SOLINK_MODULE(target) Release/obj.target/bufferutil.node
  SOLINK_MODULE(target) Release/obj.target/bufferutil.node: Finished
  COPY Release/bufferutil.node
make: Leaving directory `/home/ubuntu/fifthweek-web-tests-master/fifthweek-web/node_modules/protractor/node_modules/selenium-webdriver/node_modules/ws/node_modules/bufferutil/build'

> utf-8-validate@1.2.1 install /home/ubuntu/fifthweek-web-tests-master/fifthweek-web/node_modules/protractor/node_modules/selenium-webdriver/node_modules/ws/node_modules/utf-8-validate
> node-gyp rebuild

make: Entering directory `/home/ubuntu/fifthweek-web-tests-master/fifthweek-web/node_modules/protractor/node_modules/selenium-webdriver/node_modules/ws/node_modules/utf-8-validate/build'
  CXX(target) Release/obj.target/validation/src/validation.o
  SOLINK_MODULE(target) Release/obj.target/validation.node
  SOLINK_MODULE(target) Release/obj.target/validation.node: Finished
  COPY Release/validation.node
make: Leaving directory `/home/ubuntu/fifthweek-web-tests-master/fifthweek-web/node_modules/protractor/node_modules/selenium-webdriver/node_modules/ws/node_modules/utf-8-validate/build'

> node-sass@3.3.3 postinstall /home/ubuntu/fifthweek-web-tests-master/fifthweek-web/node_modules/grunt-sass/node_modules/node-sass
> node scripts/build.js

` /home/ubuntu/fifthweek-web-tests-master/fifthweek-web/node_modules/grunt-sass/node_modules/node-sass/vendor/linux-x64-11/binding.node ` exists. 
 testing binary.
Binary is fine; exiting.

npm ERR! Please include the following file with any support request:
npm ERR!     /home/ubuntu/fifthweek-web-tests-master/fifthweek-web/npm-debug.log

-- POST TEST --

Cloning into '/home/ubuntu/fifthweek-web-tests-master/fifthweek-web-test-machine-logs'...
No reports created.
